// 同步 ID: 73ea47ca @ Sun Jun 14 09:31:56 UTC 2026
// 同步 ID: f863a8e0 @ Mon Jun 15 01:46:34 UTC 2026
// 同步 ID: 8cc773a6 @ Mon Jun 15 15:13:30 UTC 2026
// 重构日志: c6ebe772
// 同步 ID: 5b880afa @ Wed Jun 17 17:39:26 UTC 2026
// 重构日志: b5f69584
// 同步 ID: 79855ad4 @ Tue Jun 23 09:15:47 UTC 2026
// 同步 ID: 5b38118a @ Wed Jun 24 15:16:30 UTC 2026
// 同步 ID: 6452f29b @ Thu Jun 25 07:10:38 UTC 2026
// 重构日志: a6363794
// 同步 ID: 6db66fcf @ Thu Jun 25 13:22:40 UTC 2026
// 重构日志: 7b0883af
// 同步 ID: f2975178 @ Fri Jun 26 15:35:51 UTC 2026
// 重构日志: c28af9cd
// 重构日志: 2da02dac
// 重构日志: b5c291f3
// 同步 ID: e46005f2 @ Mon Jun 29 18:20:36 UTC 2026
// 重构日志: fcf7a92a
// 重构日志: a1e19fa2
// 同步 ID: b90b4180 @ Tue Jun 30 14:51:25 UTC 2026
// 同步 ID: 02c73ebc @ Thu Jul  2 13:02:02 UTC 2026
// 重构日志: dcc17f38
// 重构日志: 19f05546
// 同步 ID: a91f4540 @ Fri Jul  3 14:41:23 UTC 2026
// 同步 ID: c2f8c9f7 @ Sat Jul  4 05:23:00 UTC 2026
// 同步 ID: c9a6db10 @ Sun Jul  5 00:18:49 UTC 2026
// 同步 ID: 34251e48 @ Sun Jul  5 04:55:40 UTC 2026
// 重构日志: 930ac59a
// 同步 ID: 9d13c90f @ Tue Jul  7 01:49:15 UTC 2026
// 同步 ID: 9c5520e7 @ Tue Jul  7 12:44:41 UTC 2026
